yarn run v1.22.5
$ tsup
[34mCLI[39m Building entry: src/index.ts
[34mCLI[39m Using tsconfig: tsconfig.json
[34mCLI[39m tsup v6.6.3
[34mCLI[39m Using tsup config: C:\Users\tarik\Desktop\main\work\Photo-Sphere-Viewer\packages\equirectangular-tiles-adapter\tsup.config.js
[34mCLI[39m Target: es2021
[34mCLI[39m Cleaning output folder
[34mIIFE[39m Build start
[34mESM[39m Build start
UMD Wrap C:\Users\tarik\Desktop\main\work\Photo-Sphere-Viewer\packages\equirectangular-tiles-adapter\dist\index.js
ASSET dist/LICENSE
ASSET dist/.npmrc
ASSET dist/README.md
ASSET dist/package.json
ASSET dist/LICENSE
ASSET dist/.npmrc
ASSET dist/README.md
ASSET dist/package.json
[32mIIFE[39m [1mdist\index.js     [22m[32m22.34 KB[39m
[32mIIFE[39m [1mdist\index.js.map [22m[32m42.27 KB[39m
[32mIIFE[39m ⚡️ Build success in 28ms
[32mESM[39m [1mdist\index.module.js     [22m[32m19.47 KB[39m
[32mESM[39m [1mdist\index.module.js.map [22m[32m42.04 KB[39m
[32mESM[39m ⚡️ Build success in 28ms
[34mDTS[39m Build start
[32mDTS[39m ⚡️ Build success in 2870ms
[32mDTS[39m [1mdist\index.d.ts [22m[32m4.51 KB[39m
Done in 3.98s.
