$ tsup
[34mCLI[39m Building entry: src/index.ts
[34mCLI[39m Using tsconfig: tsconfig.json
[34mCLI[39m tsup v6.6.3
[34mCLI[39m Using tsup config: C:\Users\tarik\Desktop\main\work\Photo-Sphere-Viewer\packages\core\tsup.config.js
[34mCLI[39m Target: es2021
[34mCLI[39m Cleaning output folder
[34mIIFE[39m Build start
[34mESM[39m Build start
UMD Wrap C:\Users\tarik\Desktop\main\work\Photo-Sphere-Viewer\packages\core\dist\index.js
SCSS dist/index.scss
ASSET dist/LICENSE
ASSET dist/.npmrc
ASSET dist/README.md
ASSET dist/package.json
[32mIIFE[39m [1mdist\index.css     [22m[32m11.20 KB[39m
[32mIIFE[39m [1mdist\index.js      [22m[32m184.48 KB[39m
[32mIIFE[39m [1mdist\index.css.map [22m[32m21.13 KB[39m
[32mIIFE[39m [1mdist\index.js.map  [22m[32m352.97 KB[39m
[32mIIFE[39m ⚡️ Build success in 294ms
SCSS dist/index.scss
ASSET dist/LICENSE
ASSET dist/.npmrc
ASSET dist/README.md
ASSET dist/package.json
[32mESM[39m [1mdist\index.css           [22m[32m11.20 KB[39m
[32mESM[39m [1mdist\index.module.js     [22m[32m171.65 KB[39m
[32mESM[39m [1mdist\index.css.map       [22m[32m21.13 KB[39m
[32mESM[39m [1mdist\index.module.js.map [22m[32m350.25 KB[39m
[32mESM[39m ⚡️ Build success in 311ms
[34mDTS[39m Build start
[32mDTS[39m ⚡️ Build success in 3271ms
[32mDTS[39m [1mdist\index.d.ts [22m[32m72.31 KB[39m
