$ tsup
[34mCLI[39m Building entry: src/index.ts
[34mCLI[39m Using tsconfig: tsconfig.json
[34mCLI[39m tsup v6.6.3
[34mCLI[39m Using tsup config: C:\Users\tarik\Desktop\main\work\Photo-Sphere-Viewer\packages\virtual-tour-plugin\tsup.config.js
[34mCLI[39m Target: es2021
[34mCLI[39m Cleaning output folder
[34mIIFE[39m Build start
[34mESM[39m Build start
UMD Wrap C:\Users\tarik\Desktop\main\work\Photo-Sphere-Viewer\packages\virtual-tour-plugin\dist\index.js
SCSS dist/index.scss
SCSS dist/index.scss
ASSET dist/LICENSE
ASSET dist/.npmrc
ASSET dist/README.md
ASSET dist/package.json
ASSET dist/LICENSE
ASSET dist/.npmrc
ASSET dist/README.md
ASSET dist/package.json
[32mIIFE[39m [1mdist\index.css     [22m[32m652.00 B[39m
[32mIIFE[39m [1mdist\index.js      [22m[32m32.82 KB[39m
[32mIIFE[39m [1mdist\index.js.map  [22m[32m58.92 KB[39m
[32mIIFE[39m [1mdist\index.css.map [22m[32m815.00 B[39m
[32mIIFE[39m ⚡️ Build success in 115ms
[32mESM[39m [1mdist\index.module.js     [22m[32m29.28 KB[39m
[32mESM[39m [1mdist\index.css           [22m[32m652.00 B[39m
[32mESM[39m [1mdist\index.module.js.map [22m[32m58.69 KB[39m
[32mESM[39m [1mdist\index.css.map       [22m[32m815.00 B[39m
[32mESM[39m ⚡️ Build success in 119ms
[34mDTS[39m Build start
[32mDTS[39m ⚡️ Build success in 3287ms
[32mDTS[39m [1mdist\index.d.ts [22m[32m7.86 KB[39m
