$ tsup
[34mCLI[39m Building entry: src/index.ts
[34mCLI[39m Using tsconfig: tsconfig.json
[34mCLI[39m tsup v6.6.3
[34mCLI[39m Using tsup config: C:\Users\tarik\Desktop\main\work\Photo-Sphere-Viewer\packages\stereo-plugin\tsup.config.js
[34mCLI[39m Target: es2021
[34mCLI[39m Cleaning output folder
[34mIIFE[39m Build start
[34mESM[39m Build start
UMD Wrap C:\Users\tarik\Desktop\main\work\Photo-Sphere-Viewer\packages\stereo-plugin\dist\index.js
ASSET dist/LICENSE
ASSET dist/.npmrc
ASSET dist/README.md
ASSET dist/package.json
ASSET dist/LICENSE
ASSET dist/.npmrc
ASSET dist/README.md
ASSET dist/package.json
[32mIIFE[39m [1mdist\index.js     [22m[32m11.80 KB[39m
[32mIIFE[39m [1mdist\index.js.map [22m[32m15.42 KB[39m
[32mIIFE[39m ⚡️ Build success in 27ms
[32mESM[39m [1mdist\index.module.js     [22m[32m9.62 KB[39m
[32mESM[39m [1mdist\index.module.js.map [22m[32m15.16 KB[39m
[32mESM[39m ⚡️ Build success in 28ms
[34mDTS[39m Build start
[32mDTS[39m ⚡️ Build success in 3414ms
[32mDTS[39m [1mdist\index.d.ts [22m[32m1.90 KB[39m
