yarn run v1.22.5
$ tsup
[34mCLI[39m Building entry: src/index.ts
[34mCLI[39m Using tsconfig: tsconfig.json
[34mCLI[39m tsup v6.6.3
[34mCLI[39m Using tsup config: C:\Users\tarik\Desktop\main\work\Photo-Sphere-Viewer\packages\cubemap-adapter\tsup.config.js
[34mCLI[39m Target: es2021
[34mCLI[39m Cleaning output folder
[34mIIFE[39m Build start
[34mESM[39m Build start
UMD Wrap C:\Users\tarik\Desktop\main\work\Photo-Sphere-Viewer\packages\cubemap-adapter\dist\index.js
ASSET dist/LICENSE
ASSET dist/.npmrc
ASSET dist/README.md
ASSET dist/package.json
ASSET dist/LICENSE
ASSET dist/.npmrc
ASSET dist/README.md
ASSET dist/package.json
[32mIIFE[39m [1mdist\index.js     [22m[32m10.44 KB[39m
[32mIIFE[39m [1mdist\index.js.map [22m[32m16.96 KB[39m
[32mIIFE[39m ⚡️ Build success in 34ms
[32mESM[39m [1mdist\index.module.js     [22m[32m8.15 KB[39m
[32mESM[39m [1mdist\index.module.js.map [22m[32m16.65 KB[39m
[32mESM[39m ⚡️ Build success in 34ms
[34mDTS[39m Build start
[32mDTS[39m ⚡️ Build success in 2841ms
[32mDTS[39m [1mdist\index.d.ts [22m[32m2.57 KB[39m
Done in 3.95s.
