$ tsup
[34mCLI[39m Building entry: src/index.ts
[34mCLI[39m Using tsconfig: tsconfig.json
[34mCLI[39m tsup v6.6.3
[34mCLI[39m Using tsup config: C:\Users\tarik\Desktop\main\work\Photo-Sphere-Viewer\packages\settings-plugin\tsup.config.js
[34mCLI[39m Target: es2021
[34mCLI[39m Cleaning output folder
[34mIIFE[39m Build start
[34mESM[39m Build start
UMD Wrap C:\Users\tarik\Desktop\main\work\Photo-Sphere-Viewer\packages\settings-plugin\dist\index.js
SCSS dist/index.scss
ASSET dist/LICENSE
ASSET dist/.npmrc
ASSET dist/README.md
ASSET dist/package.json
SCSS dist/index.scss
ASSET dist/LICENSE
ASSET dist/.npmrc
ASSET dist/README.md
ASSET dist/package.json
[32mIIFE[39m [1mdist\index.js      [22m[32m16.85 KB[39m
[32mIIFE[39m [1mdist\index.css     [22m[32m1.44 KB[39m
[32mIIFE[39m [1mdist\index.js.map  [22m[32m24.51 KB[39m
[32mIIFE[39m [1mdist\index.css.map [22m[32m7.13 KB[39m
[32mIIFE[39m ⚡️ Build success in 260ms
[32mESM[39m [1mdist\index.module.js     [22m[32m14.65 KB[39m
[32mESM[39m [1mdist\index.css           [22m[32m1.44 KB[39m
[32mESM[39m [1mdist\index.module.js.map [22m[32m24.32 KB[39m
[32mESM[39m [1mdist\index.css.map       [22m[32m7.13 KB[39m
[32mESM[39m ⚡️ Build success in 263ms
[34mDTS[39m Build start
[32mDTS[39m ⚡️ Build success in 4647ms
[32mDTS[39m [1mdist\index.d.ts [22m[32m3.61 KB[39m
